[debug] [2023-07-14T06:15:46.993Z] ----------------------------------------------------------------------
[debug] [2023-07-14T06:15:46.997Z] Command:       C:\Program Files\nodejs\node.exe C:\Users\Ping\AppData\Roaming\npm\node_modules\firebase-tools\lib\bin\firebase.js init
[debug] [2023-07-14T06:15:46.998Z] CLI Version:   12.4.0
[debug] [2023-07-14T06:15:46.998Z] Platform:      win32
[debug] [2023-07-14T06:15:46.998Z] Node Version:  v20.3.0
[debug] [2023-07-14T06:15:46.998Z] Time:          Fri Jul 14 2023 09:15:46 GMT+0300 (Eastern European Summer Time)
[debug] [2023-07-14T06:15:46.999Z] ----------------------------------------------------------------------
[debug] 
[debug] [2023-07-14T06:15:47.008Z] >>> [apiv2][query] GET https://firebase-public.firebaseio.com/cli.json [none]
[debug] [2023-07-14T06:15:47.101Z] > command requires scopes: ["email","openid","https://www.googleapis.com/auth/cloudplatformprojects.readonly","https://www.googleapis.com/auth/firebase","https://www.googleapis.com/auth/cloud-platform"]
[debug] [2023-07-14T06:15:47.102Z] > authorizing via signed-in user (caguilar@ntangiblesystemssolutions.com)
[info] 
     ######## #### ########  ######## ########     ###     ######  ########
     ##        ##  ##     ## ##       ##     ##  ##   ##  ##       ##
     ######    ##  ########  ######   ########  #########  ######  ######
     ##        ##  ##    ##  ##       ##     ## ##     ##       ## ##
     ##       #### ##     ## ######## ########  ##     ##  ######  ########

You're about to initialize a Firebase project in this directory:

  D:\profession\projects\globalpay\from servers\G1NWGSEC005\Documents\SolarWinds\Angular\commission

Before we get started, keep in mind:

  * You are initializing within an existing Firebase project directory

[debug] [2023-07-14T06:15:47.568Z] <<< [apiv2][status] GET https://firebase-public.firebaseio.com/cli.json 200
[debug] [2023-07-14T06:15:47.569Z] <<< [apiv2][body] GET https://firebase-public.firebaseio.com/cli.json {"cloudBuildErrorAfter":1594252800000,"cloudBuildWarnAfter":1590019200000,"defaultNode10After":1594252800000,"minVersion":"3.0.5","node8DeploysDisabledAfter":1613390400000,"node8RuntimeDisabledAfter":1615809600000,"node8WarnAfter":1600128000000}
